<?xml version="1.0"?>
<testsuites>
  <testsuite name="PhantomJS 1.9.8 (Windows 8 0.0.0)" package="Unit tests" timestamp="2016-05-05T08:56:00" id="0" hostname="EPBGSOFW0108">
    <properties>
      <property name="browser.fullName" value="Mozilla/5.0 (Windows NT 6.2; WOW64) AppleWebKit/534.34 (KHTML, like Gecko) PhantomJS/1.9.8 Safari/534.34"/>
    </properties>
  </testsuite>
  <testsuite name="PhantomJS 1.9.8 (Windows 8 0.0.0)" package="Unit tests" timestamp="2016-05-05T08:56:00" id="0" hostname="EPBGSOFW0108" tests="1" errors="0" failures="0" time="0.022">
    <properties>
      <property name="browser.fullName" value="Mozilla/5.0 (Windows NT 6.2; WOW64) AppleWebKit/534.34 (KHTML, like Gecko) PhantomJS/1.9.8 Safari/534.34"/>
    </properties>
    <testcase name="should be defined" time="0.022" classname="Unit tests PhantomJS 1.9.8 (Windows 8 0.0.0).package-version"/>
    <system-out><![CDATA[
]]></system-out>
    <system-err/>
  </testsuite>
</testsuites>
