<?xml version="1.0"?>
<testsuites>
  <testsuite name="PhantomJS 1.9.8 (Windows 8 0.0.0)" package="Unit tests" timestamp="2016-05-04T06:20:21" id="0" hostname="EPBGSOFW0108">
    <properties>
      <property name="browser.fullName" value="Mozilla/5.0 (Windows NT 6.2; WOW64) AppleWebKit/534.34 (KHTML, like Gecko) PhantomJS/1.9.8 Safari/534.34"/>
    </properties>
  </testsuite>
  <testsuite name="PhantomJS 1.9.8 (Windows 8 0.0.0)" package="Unit tests" timestamp="2016-05-04T06:20:22" id="0" hostname="EPBGSOFW0108" tests="4" errors="0" failures="3" time="0.025">
    <properties>
      <property name="browser.fullName" value="Mozilla/5.0 (Windows NT 6.2; WOW64) AppleWebKit/534.34 (KHTML, like Gecko) PhantomJS/1.9.8 Safari/534.34"/>
    </properties>
    <testcase name="should be defined" time="0.021" classname="Unit tests PhantomJS 1.9.8 (Windows 8 0.0.0).package-version"/>
    <testcase name="should have jquery bookmark" time="0.002" classname="Unit tests PhantomJS 1.9.8 (Windows 8 0.0.0).bookmarks directive test">
      <failure type="">Error: [$injector:modulerr] Failed to instantiate module bookmarks due to:
Error: [$injector:nomod] Module &apos;bookmarks&apos; is not available! You either misspelled the module name or forgot to load it. If registering a module ensure that you specify the dependencies as the second argument.
http://errors.angularjs.org/1.4.8/$injector/nomod?p0=bookmarks
    at C:/proj/gulp-training-seed/bower_components/angular/angular.js:2007
    at ensure (C:/proj/gulp-training-seed/bower_components/angular/angular.js:1929)
    at module (C:/proj/gulp-training-seed/bower_components/angular/angular.js:2257)
    at C:/proj/gulp-training-seed/bower_components/angular/angular.js:4435
    at forEach (C:/proj/gulp-training-seed/bower_components/angular/angular.js:340)
    at loadModules (C:/proj/gulp-training-seed/bower_components/angular/angular.js:4461)
    at createInjector (C:/proj/gulp-training-seed/bower_components/angular/angular.js:4344)
    at workFn (C:/proj/gulp-training-seed/bower_components/angular-mocks/angular-mocks.js:2428)
http://errors.angularjs.org/1.4.8/$injector/modulerr?p0=bookmarks&amp;p1=Error%3A%20%5B%24injector%3Anomod%5D%20Module%20&apos;bookmarks&apos;%20is%20not%20available!%20You%20either%20misspelled%20the%20module%20name%20or%20forgot%20to%20load%20it.%20If%20registering%20a%20module%20ensure%20that%20you%20specify%20the%20dependencies%20as%20the%20second%20argument.%0Ahttp%3A%2F%2Ferrors.angularjs.org%2F1.4.8%2F%24injector%2Fnomod%3Fp0%3Dbookmarks%0A%20%20%20%20at%20http%3A%2F%2Flocalhost%3A9876%2Fbase%2Fbower_components%2Fangular%2Fangular.js%3F7ff07aecce5af4039a1c32649be0ff2afcaebe47%3A2007%0A%20%20%20%20at%20ensure%20(http%3A%2F%2Flocalhost%3A9876%2Fbase%2Fbower_components%2Fangular%2Fangular.js%3F7ff07aecce5af4039a1c32649be0ff2afcaebe47%3A1929)%0A%20%20%20%20at%20module%20(http%3A%2F%2Flocalhost%3A9876%2Fbase%2Fbower_components%2Fangular%2Fangular.js%3F7ff07aecce5af4039a1c32649be0ff2afcaebe47%3A2257)%0A%20%20%20%20at%20http%3A%2F%2Flocalhost%3A9876%2Fbase%2Fbower_components%2Fangular%2Fangular.js%3F7ff07aecce5af4039a1c32649be0ff2afcaebe47%3A4435%0A%20%20%20%20at%20forEach%20(http%3A%2F%2Flocalhost%3A9876%2Fbase%2Fbower_components%2Fangular%2Fangular.js%3F7ff07aecce5af4039a1c32649be0ff2afcaebe47%3A340)%0A%20%20%20%20at%20loadModules%20(http%3A%2F%2Flocalhost%3A9876%2Fbase%2Fbower_components%2Fangular%2Fangular.js%3F7ff07aecce5af4039a1c32649be0ff2afcaebe47%3A4461)%0A%20%20%20%20at%20createInjector%20(http%3A%2F%2Flocalhost%3A9876%2Fbase%2Fbower_components%2Fangular%2Fangular.js%3F7ff07aecce5af4039a1c32649be0ff2afcaebe47%3A4344)%0A%20%20%20%20at%20workFn%20(http%3A%2F%2Flocalhost%3A9876%2Fbase%2Fbower_components%2Fangular-mocks%2Fangular-mocks.js%3F41fb2d656d9a871440ee139e6491d0e2b124ebc8%3A2428)%0A%20%20%20%20at%20attemptSync%20(http%3A%2F%2Flocalhost%3A9876%2Fbase%2Fnode_modules%2Fjasmine-core%2Flib%2Fjasmine-core%2Fjasmine.js%3F391e45351df9ee35392d2e5cb623221a969fc009%3A1886)%0A%20%20%20%20at%20http%3A%2F%2Flocalhost%3A9876%2Fbase%2Fnode_modules%2Fjasmine-core%2Flib%2Fjasmine-core%2Fjasmine.js%3F391e45351df9ee35392d2e5cb623221a969fc009%3A1874%0A%20%20%20%20at%20http%3A%2F%2Flocalhost%3A9876%2Fbase%2Fnode_modules%2Fjasmine-core%2Flib%2Fjasmine-core%2Fjasmine.js%3F391e45351df9ee35392d2e5cb623221a969fc009%3A1859%0A%20%20%20%20at%20http%3A%2F%2Flocalhost%3A9876%2Fbase%2Fnode_modules%2Fjasmine-core%2Flib%2Fjasmine-core%2Fjasmine.js%3F391e45351df9ee35392d2e5cb623221a969fc009%3A697%0A%20%20%20%20at%20http%3A%2F%2Flocalhost%3A9876%2Fbase%2Fnode_modules%2Fjasmine-core%2Flib%2Fjasmine-core%2Fjasmine.js%3F391e45351df9ee35392d2e5cb623221a969fc009%3A363%0A%20%20%20%20at%20http%3A%2F%2Flocalhost%3A9876%2Fbase%2Fnode_modules%2Fjasmine-core%2Flib%2Fjasmine-core%2Fjasmine.js%3F391e45351df9ee35392d2e5cb623221a969fc009%3A2479%0A%20%20%20%20at%20attemptAsync%20(http%3A%2F%2Flocalhost%3A9876%2Fbase%2Fnode_modules%2Fjasmine-core%2Flib%2Fjasmine-core%2Fjasmine.js%3F391e45351df9ee35392d2e5cb623221a969fc009%3A1916)%0A%20%20%20%20at%20http%3A%2F%2Flocalhost%3A9876%2Fbase%2Fnode_modules%2Fjasmine-core%2Flib%2Fjasmine-core%2Fjasmine.js%3F391e45351df9ee35392d2e5cb623221a969fc009%3A1871%0A%20%20%20%20at%20http%3A%2F%2Flocalhost%3A9876%2Fbase%2Fnode_modules%2Fjasmine-core%2Flib%2Fjasmine-core%2Fjasmine.js%3F391e45351df9ee35392d2e5cb623221a969fc009%3A1859%0A%20%20%20%20at%20http%3A%2F%2Flocalhost%3A9876%2Fbase%2Fnode_modules%2Fjasmine-core%2Flib%2Fjasmine-core%2Fjasmine.js%3F391e45351df9ee35392d2e5cb623221a969fc009%3A697%0A%20%20%20%20at%20http%3A%2F%2Flocalhost%3A9876%2Fbase%2Fnode_modules%2Fjasmine-core%2Flib%2Fjasmine-core%2Fjasmine.js%3F391e45351df9ee35392d2e5cb623221a969fc009%3A2473%0A%20%20%20%20at%20attemptAsync%20(http%3A%2F%2Flocalhost%3A9876%2Fbase%2Fnode_modules%2Fjasmine-core%2Flib%2Fjasmine-core%2Fjasmine.js%3F391e45351df9ee35392d2e5cb623221a969fc009%3A1916)%0A%20%20%20%20at%20http%3A%2F%2Flocalhost%3A9876%2Fbase%2Fnode_modules%2Fjasmine-core%2Flib%2Fjasmine-core%2Fjasmine.js%3F391e45351df9ee35392d2e5cb623221a969fc009%3A1871%0A%20%20%20%20at%20http%3A%2F%2Flocalhost%3A9876%2Fbase%2Fnode_modules%2Fjasmine-core%2Flib%2Fjasmine-core%2Fjasmine.js%3F391e45351df9ee35392d2e5cb623221a969fc009%3A1898%0A%20%20%20%20at%20http%3A%2F%2Flocalhost%3A9876%2Fbase%2Fnode_modules%2Fjasmine-core%2Flib%2Fjasmine-core%2Fjasmine.js%3F391e45351df9ee35392d2e5cb623221a969fc009%3A1842%0A%20%20%20%20at%20http%3A%2F%2Flocalhost%3A9876%2Fbase%2Fnode_modules%2Fjasmine-core%2Flib%2Fjasmine-core%2Fjasmine.js%3F391e45351df9ee35392d2e5cb623221a969fc009%3A2467%0A%20%20%20%20at%20clearStack%20(http%3A%2F%2Flocalhost%3A9876%2Fbase%2Fnode_modules%2Fjasmine-core%2Flib%2Fjasmine-core%2Fjasmine.js%3F391e45351df9ee35392d2e5cb623221a969fc009%3A660)%0A%20%20%20%20at%20http%3A%2F%2Flocalhost%3A9876%2Fbase%2Fnode_modules%2Fjasmine-core%2Flib%2Fjasmine-core%2Fjasmine.js%3F391e45351df9ee35392d2e5cb623221a969fc009%3A1881%0A%20%20%20%20at%20http%3A%2F%2Flocalhost%3A9876%2Fbase%2Fnode_modules%2Fjasmine-core%2Flib%2Fjasmine-core%2Fjasmine.js%3F391e45351df9ee35392d2e5cb623221a969fc009%3A1898%0A%20%20%20%20at%20http%3A%2F%2Flocalhost%3A9876%2Fbase%2Fnode_modules%2Fjasmine-core%2Flib%2Fjasmine-core%2Fjasmine.js%3F391e45351df9ee35392d2e5cb623221a969fc009%3A1842%0A%20%20%20%20at%20complete%20(http%3A%2F%2Flocalhost%3A9876%2Fbase%2Fnode_modules%2Fjasmine-core%2Flib%2Fjasmine-core%2Fjasmine.js%3F391e45351df9ee35392d2e5cb623221a969fc009%3A371)%0A%20%20%20%20at%20clearStack%20(http%3A%2F%2Flocalhost%3A9876%2Fbase%2Fnode_modules%2Fjasmine-core%2Flib%2Fjasmine-core%2Fjasmine.js%3F391e45351df9ee35392d2e5cb623221a969fc009%3A660)%0A%20%20%20%20at%20http%3A%2F%2Flocalhost%3A9876%2Fbase%2Fnode_modules%2Fjasmine-core%2Flib%2Fjasmine-core%2Fjasmine.js%3F391e45351df9ee35392d2e5cb623221a969fc009%3A1881%0A%20%20%20%20at%20http%3A%2F%2Flocalhost%3A9876%2Fbase%2Fnode_modules%2Fjasmine-core%2Flib%2Fjasmine-core%2Fjasmine.js%3F391e45351df9ee35392d2e5cb623221a969fc009%3A1859%0A%20%20%20%20at%20http%3A%2F%2Flocalhost%3A9876%2Fbase%2Fnode_modules%2Fjasmine-core%2Flib%2Fjasmine-core%2Fjasmine.js%3F391e45351df9ee35392d2e5cb623221a969fc009%3A697%0A%20%20%20%20at%20http%3A%2F%2Flocalhost%3A9876%2Fbase%2Fnode_modules%2Fjasmine-core%2Flib%2Fjasmine-core%2Fjasmine.js%3F391e45351df9ee35392d2e5cb623221a969fc009%3A363%0A%20%20%20%20at%20http%3A%2F%2Flocalhost%3A9876%2Fbase%2Fnode_modules%2Fjasmine-core%2Flib%2Fjasmine-core%2Fjasmine.js%3F391e45351df9ee35392d2e5cb623221a969fc009%3A2479%0A%20%20%20%20at%20attemptAsync%20(http%3A%2F%2Flocalhost%3A9876%2Fbase%2Fnode_modules%2Fjasmine-core%2Flib%2Fjasmine-core%2Fjasmine.js%3F391e45351df9ee35392d2e5cb623221a969fc009%3A1916)%0A%20%20%20%20at%20http%3A%2F%2Flocalhost%3A9876%2Fbase%2Fnode_modules%2Fjasmine-core%2Flib%2Fjasmine-core%2Fjasmine.js%3F391e45351df9ee35392d2e5cb623221a969fc009%3A1871%0A%20%20%20%20at%20http%3A%2F%2Flocalhost%3A9876%2Fbase%2Fnode_modules%2Fjasmine-core%2Flib%2Fjasmine-core%2Fjasmine.js%3F391e45351df9ee35392d2e5cb623221a969fc009%3A1859%0A%20%20%20%20at%20http%3A%2F%2Flocalhost%3A9876%2Fbase%2Fnode_modules%2Fjasmine-core%2Flib%2Fjasmine-core%2Fjasmine.js%3F391e45351df9ee35392d2e5cb623221a969fc009%3A697%0A%20%20%20%20at%20http%3A%2F%2Flocalhost%3A9876%2Fbase%2Fnode_modules%2Fjasmine-core%2Flib%2Fjasmine-core%2Fjasmine.js%3F391e45351df9ee35392d2e5cb623221a969fc009%3A2473%0A%20%20%20%20at%20attemptAsync%20(http%3A%2F%2Flocalhost%3A9876%2Fbase%2Fnode_modules%2Fjasmine-core%2Flib%2Fjasmine-core%2Fjasmine.js%3F391e45351df9ee35392d2e5cb623221a969fc009%3A1916)%0A%20%20%20%20at%20http%3A%2F%2Flocalhost%3A9876%2Fbase%2Fnode_modules%2Fjasmine-core%2Flib%2Fjasmine-core%2Fjasmine.js%3F391e45351df9ee35392d2e5cb623221a969fc009%3A1871%0A%20%20%20%20at%20http%3A%2F%2Flocalhost%3A9876%2Fbase%2Fnode_modules%2Fjasmine-core%2Flib%2Fjasmine-core%2Fjasmine.js%3F391e45351df9ee35392d2e5cb623221a969fc009%3A1859%0A%20%20%20%20at%20http%3A%2F%2Flocalhost%3A9876%2Fbase%2Fnode_modules%2Fjasmine-core%2Flib%2Fjasmine-core%2Fjasmine.js%3F391e45351df9ee35392d2e5cb623221a969fc009%3A697%0A%20%20%20%20at%20http%3A%2F%2Flocalhost%3A9876%2Fbase%2Fnode_modules%2Fjasmine-core%2Flib%2Fjasmine-core%2Fjasmine.js%3F391e45351df9ee35392d2e5cb623221a969fc009%3A2332%0A%20%20%20%20at%20http%3A%2F%2Flocalhost%3A9876%2Fbase%2Fnode_modules%2Fjasmine-core%2Flib%2Fjasmine-core%2Fjasmine.js%3F391e45351df9ee35392d2e5cb623221a969fc009%3A761%0A%20%20%20%20at%20http%3A%2F%2Flocalhost%3A9876%2Fbase%2Fnode_modules%2Fkarma-jasmine%2Flib%2Fadapter.js%3F1e4f995124c2f01998fd4f3e16ace577bf155ba9%3A322%0A%20%20%20%20at%20http%3A%2F%2Flocalhost%3A9876%2Fkarma.js%3A182%0A%20%20%20%20at%20http%3A%2F%2Flocalhost%3A9876%2Fcontext.html%3A73
    at forEach (C:/proj/gulp-training-seed/bower_components/angular/angular.js:340)
    at loadModules (C:/proj/gulp-training-seed/bower_components/angular/angular.js:4461)
    at createInjector (C:/proj/gulp-training-seed/bower_components/angular/angular.js:4344)
    at workFn (C:/proj/gulp-training-seed/bower_components/angular-mocks/angular-mocks.js:2428)
    at C:/proj/gulp-training-seed/bower_components/angular/angular.js:4459
</failure>
      <failure type="">TypeError: &apos;undefined&apos; is not a function (evaluating &apos;$compile(&apos;&lt;bookmarks bookmarks=&quot;[{\&apos;id\&apos;:0, \&apos;title\&apos;: \&apos;jQuery1\&apos;}, {\&apos;id\&apos;:8, \&apos;title\&apos;: \&apos;bbbb\&apos;}]&quot;&gt;&lt;/bookmarks&gt;&apos;)&apos;)
    at C:/proj/gulp-training-seed/app/components/bookmarks-cmp/bookmarks.spec.js:16
</failure>
    </testcase>
    <testcase name="should have delete bookmark on delete-btn click" time="0.001" classname="Unit tests PhantomJS 1.9.8 (Windows 8 0.0.0).bookmarks directive test">
      <failure type="">Error: [$injector:modulerr] Failed to instantiate module bookmarks due to:
Error: [$injector:nomod] Module &apos;bookmarks&apos; is not available! You either misspelled the module name or forgot to load it. If registering a module ensure that you specify the dependencies as the second argument.
http://errors.angularjs.org/1.4.8/$injector/nomod?p0=bookmarks
    at C:/proj/gulp-training-seed/bower_components/angular/angular.js:2007
    at ensure (C:/proj/gulp-training-seed/bower_components/angular/angular.js:1929)
    at module (C:/proj/gulp-training-seed/bower_components/angular/angular.js:2257)
    at C:/proj/gulp-training-seed/bower_components/angular/angular.js:4435
    at forEach (C:/proj/gulp-training-seed/bower_components/angular/angular.js:340)
    at loadModules (C:/proj/gulp-training-seed/bower_components/angular/angular.js:4461)
    at createInjector (C:/proj/gulp-training-seed/bower_components/angular/angular.js:4344)
    at workFn (C:/proj/gulp-training-seed/bower_components/angular-mocks/angular-mocks.js:2428)
http://errors.angularjs.org/1.4.8/$injector/modulerr?p0=bookmarks&amp;p1=Error%3A%20%5B%24injector%3Anomod%5D%20Module%20&apos;bookmarks&apos;%20is%20not%20available!%20You%20either%20misspelled%20the%20module%20name%20or%20forgot%20to%20load%20it.%20If%20registering%20a%20module%20ensure%20that%20you%20specify%20the%20dependencies%20as%20the%20second%20argument.%0Ahttp%3A%2F%2Ferrors.angularjs.org%2F1.4.8%2F%24injector%2Fnomod%3Fp0%3Dbookmarks%0A%20%20%20%20at%20http%3A%2F%2Flocalhost%3A9876%2Fbase%2Fbower_components%2Fangular%2Fangular.js%3F7ff07aecce5af4039a1c32649be0ff2afcaebe47%3A2007%0A%20%20%20%20at%20ensure%20(http%3A%2F%2Flocalhost%3A9876%2Fbase%2Fbower_components%2Fangular%2Fangular.js%3F7ff07aecce5af4039a1c32649be0ff2afcaebe47%3A1929)%0A%20%20%20%20at%20module%20(http%3A%2F%2Flocalhost%3A9876%2Fbase%2Fbower_components%2Fangular%2Fangular.js%3F7ff07aecce5af4039a1c32649be0ff2afcaebe47%3A2257)%0A%20%20%20%20at%20http%3A%2F%2Flocalhost%3A9876%2Fbase%2Fbower_components%2Fangular%2Fangular.js%3F7ff07aecce5af4039a1c32649be0ff2afcaebe47%3A4435%0A%20%20%20%20at%20forEach%20(http%3A%2F%2Flocalhost%3A9876%2Fbase%2Fbower_components%2Fangular%2Fangular.js%3F7ff07aecce5af4039a1c32649be0ff2afcaebe47%3A340)%0A%20%20%20%20at%20loadModules%20(http%3A%2F%2Flocalhost%3A9876%2Fbase%2Fbower_components%2Fangular%2Fangular.js%3F7ff07aecce5af4039a1c32649be0ff2afcaebe47%3A4461)%0A%20%20%20%20at%20createInjector%20(http%3A%2F%2Flocalhost%3A9876%2Fbase%2Fbower_components%2Fangular%2Fangular.js%3F7ff07aecce5af4039a1c32649be0ff2afcaebe47%3A4344)%0A%20%20%20%20at%20workFn%20(http%3A%2F%2Flocalhost%3A9876%2Fbase%2Fbower_components%2Fangular-mocks%2Fangular-mocks.js%3F41fb2d656d9a871440ee139e6491d0e2b124ebc8%3A2428)%0A%20%20%20%20at%20attemptSync%20(http%3A%2F%2Flocalhost%3A9876%2Fbase%2Fnode_modules%2Fjasmine-core%2Flib%2Fjasmine-core%2Fjasmine.js%3F391e45351df9ee35392d2e5cb623221a969fc009%3A1886)%0A%20%20%20%20at%20http%3A%2F%2Flocalhost%3A9876%2Fbase%2Fnode_modules%2Fjasmine-core%2Flib%2Fjasmine-core%2Fjasmine.js%3F391e45351df9ee35392d2e5cb623221a969fc009%3A1874%0A%20%20%20%20at%20http%3A%2F%2Flocalhost%3A9876%2Fbase%2Fnode_modules%2Fjasmine-core%2Flib%2Fjasmine-core%2Fjasmine.js%3F391e45351df9ee35392d2e5cb623221a969fc009%3A1859%0A%20%20%20%20at%20http%3A%2F%2Flocalhost%3A9876%2Fbase%2Fnode_modules%2Fjasmine-core%2Flib%2Fjasmine-core%2Fjasmine.js%3F391e45351df9ee35392d2e5cb623221a969fc009%3A697%0A%20%20%20%20at%20http%3A%2F%2Flocalhost%3A9876%2Fbase%2Fnode_modules%2Fjasmine-core%2Flib%2Fjasmine-core%2Fjasmine.js%3F391e45351df9ee35392d2e5cb623221a969fc009%3A363%0A%20%20%20%20at%20http%3A%2F%2Flocalhost%3A9876%2Fbase%2Fnode_modules%2Fjasmine-core%2Flib%2Fjasmine-core%2Fjasmine.js%3F391e45351df9ee35392d2e5cb623221a969fc009%3A2479%0A%20%20%20%20at%20attemptAsync%20(http%3A%2F%2Flocalhost%3A9876%2Fbase%2Fnode_modules%2Fjasmine-core%2Flib%2Fjasmine-core%2Fjasmine.js%3F391e45351df9ee35392d2e5cb623221a969fc009%3A1916)%0A%20%20%20%20at%20http%3A%2F%2Flocalhost%3A9876%2Fbase%2Fnode_modules%2Fjasmine-core%2Flib%2Fjasmine-core%2Fjasmine.js%3F391e45351df9ee35392d2e5cb623221a969fc009%3A1871%0A%20%20%20%20at%20http%3A%2F%2Flocalhost%3A9876%2Fbase%2Fnode_modules%2Fjasmine-core%2Flib%2Fjasmine-core%2Fjasmine.js%3F391e45351df9ee35392d2e5cb623221a969fc009%3A1898%0A%20%20%20%20at%20http%3A%2F%2Flocalhost%3A9876%2Fbase%2Fnode_modules%2Fjasmine-core%2Flib%2Fjasmine-core%2Fjasmine.js%3F391e45351df9ee35392d2e5cb623221a969fc009%3A1842%0A%20%20%20%20at%20complete%20(http%3A%2F%2Flocalhost%3A9876%2Fbase%2Fnode_modules%2Fjasmine-core%2Flib%2Fjasmine-core%2Fjasmine.js%3F391e45351df9ee35392d2e5cb623221a969fc009%3A371)%0A%20%20%20%20at%20clearStack%20(http%3A%2F%2Flocalhost%3A9876%2Fbase%2Fnode_modules%2Fjasmine-core%2Flib%2Fjasmine-core%2Fjasmine.js%3F391e45351df9ee35392d2e5cb623221a969fc009%3A660)%0A%20%20%20%20at%20http%3A%2F%2Flocalhost%3A9876%2Fbase%2Fnode_modules%2Fjasmine-core%2Flib%2Fjasmine-core%2Fjasmine.js%3F391e45351df9ee35392d2e5cb623221a969fc009%3A1881%0A%20%20%20%20at%20http%3A%2F%2Flocalhost%3A9876%2Fbase%2Fnode_modules%2Fjasmine-core%2Flib%2Fjasmine-core%2Fjasmine.js%3F391e45351df9ee35392d2e5cb623221a969fc009%3A1859%0A%20%20%20%20at%20http%3A%2F%2Flocalhost%3A9876%2Fbase%2Fnode_modules%2Fjasmine-core%2Flib%2Fjasmine-core%2Fjasmine.js%3F391e45351df9ee35392d2e5cb623221a969fc009%3A697%0A%20%20%20%20at%20http%3A%2F%2Flocalhost%3A9876%2Fbase%2Fnode_modules%2Fjasmine-core%2Flib%2Fjasmine-core%2Fjasmine.js%3F391e45351df9ee35392d2e5cb623221a969fc009%3A363%0A%20%20%20%20at%20http%3A%2F%2Flocalhost%3A9876%2Fbase%2Fnode_modules%2Fjasmine-core%2Flib%2Fjasmine-core%2Fjasmine.js%3F391e45351df9ee35392d2e5cb623221a969fc009%3A2479%0A%20%20%20%20at%20attemptAsync%20(http%3A%2F%2Flocalhost%3A9876%2Fbase%2Fnode_modules%2Fjasmine-core%2Flib%2Fjasmine-core%2Fjasmine.js%3F391e45351df9ee35392d2e5cb623221a969fc009%3A1916)%0A%20%20%20%20at%20http%3A%2F%2Flocalhost%3A9876%2Fbase%2Fnode_modules%2Fjasmine-core%2Flib%2Fjasmine-core%2Fjasmine.js%3F391e45351df9ee35392d2e5cb623221a969fc009%3A1871%0A%20%20%20%20at%20http%3A%2F%2Flocalhost%3A9876%2Fbase%2Fnode_modules%2Fjasmine-core%2Flib%2Fjasmine-core%2Fjasmine.js%3F391e45351df9ee35392d2e5cb623221a969fc009%3A1859%0A%20%20%20%20at%20http%3A%2F%2Flocalhost%3A9876%2Fbase%2Fnode_modules%2Fjasmine-core%2Flib%2Fjasmine-core%2Fjasmine.js%3F391e45351df9ee35392d2e5cb623221a969fc009%3A697%0A%20%20%20%20at%20http%3A%2F%2Flocalhost%3A9876%2Fbase%2Fnode_modules%2Fjasmine-core%2Flib%2Fjasmine-core%2Fjasmine.js%3F391e45351df9ee35392d2e5cb623221a969fc009%3A2473%0A%20%20%20%20at%20attemptAsync%20(http%3A%2F%2Flocalhost%3A9876%2Fbase%2Fnode_modules%2Fjasmine-core%2Flib%2Fjasmine-core%2Fjasmine.js%3F391e45351df9ee35392d2e5cb623221a969fc009%3A1916)%0A%20%20%20%20at%20http%3A%2F%2Flocalhost%3A9876%2Fbase%2Fnode_modules%2Fjasmine-core%2Flib%2Fjasmine-core%2Fjasmine.js%3F391e45351df9ee35392d2e5cb623221a969fc009%3A1871%0A%20%20%20%20at%20http%3A%2F%2Flocalhost%3A9876%2Fbase%2Fnode_modules%2Fjasmine-core%2Flib%2Fjasmine-core%2Fjasmine.js%3F391e45351df9ee35392d2e5cb623221a969fc009%3A1898%0A%20%20%20%20at%20http%3A%2F%2Flocalhost%3A9876%2Fbase%2Fnode_modules%2Fjasmine-core%2Flib%2Fjasmine-core%2Fjasmine.js%3F391e45351df9ee35392d2e5cb623221a969fc009%3A1842%0A%20%20%20%20at%20http%3A%2F%2Flocalhost%3A9876%2Fbase%2Fnode_modules%2Fjasmine-core%2Flib%2Fjasmine-core%2Fjasmine.js%3F391e45351df9ee35392d2e5cb623221a969fc009%3A2467%0A%20%20%20%20at%20clearStack%20(http%3A%2F%2Flocalhost%3A9876%2Fbase%2Fnode_modules%2Fjasmine-core%2Flib%2Fjasmine-core%2Fjasmine.js%3F391e45351df9ee35392d2e5cb623221a969fc009%3A660)%0A%20%20%20%20at%20http%3A%2F%2Flocalhost%3A9876%2Fbase%2Fnode_modules%2Fjasmine-core%2Flib%2Fjasmine-core%2Fjasmine.js%3F391e45351df9ee35392d2e5cb623221a969fc009%3A1881%0A%20%20%20%20at%20http%3A%2F%2Flocalhost%3A9876%2Fbase%2Fnode_modules%2Fjasmine-core%2Flib%2Fjasmine-core%2Fjasmine.js%3F391e45351df9ee35392d2e5cb623221a969fc009%3A1898%0A%20%20%20%20at%20http%3A%2F%2Flocalhost%3A9876%2Fbase%2Fnode_modules%2Fjasmine-core%2Flib%2Fjasmine-core%2Fjasmine.js%3F391e45351df9ee35392d2e5cb623221a969fc009%3A1842%0A%20%20%20%20at%20complete%20(http%3A%2F%2Flocalhost%3A9876%2Fbase%2Fnode_modules%2Fjasmine-core%2Flib%2Fjasmine-core%2Fjasmine.js%3F391e45351df9ee35392d2e5cb623221a969fc009%3A371)%0A%20%20%20%20at%20clearStack%20(http%3A%2F%2Flocalhost%3A9876%2Fbase%2Fnode_modules%2Fjasmine-core%2Flib%2Fjasmine-core%2Fjasmine.js%3F391e45351df9ee35392d2e5cb623221a969fc009%3A660)%0A%20%20%20%20at%20http%3A%2F%2Flocalhost%3A9876%2Fbase%2Fnode_modules%2Fjasmine-core%2Flib%2Fjasmine-core%2Fjasmine.js%3F391e45351df9ee35392d2e5cb623221a969fc009%3A1881%0A%20%20%20%20at%20http%3A%2F%2Flocalhost%3A9876%2Fbase%2Fnode_modules%2Fjasmine-core%2Flib%2Fjasmine-core%2Fjasmine.js%3F391e45351df9ee35392d2e5cb623221a969fc009%3A1859%0A%20%20%20%20at%20http%3A%2F%2Flocalhost%3A9876%2Fbase%2Fnode_modules%2Fjasmine-core%2Flib%2Fjasmine-core%2Fjasmine.js%3F391e45351df9ee35392d2e5cb623221a969fc009%3A697%0A%20%20%20%20at%20http%3A%2F%2Flocalhost%3A9876%2Fbase%2Fnode_modules%2Fjasmine-core%2Flib%2Fjasmine-core%2Fjasmine.js%3F391e45351df9ee35392d2e5cb623221a969fc009%3A363%0A%20%20%20%20at%20http%3A%2F%2Flocalhost%3A9876%2Fbase%2Fnode_modules%2Fjasmine-core%2Flib%2Fjasmine-core%2Fjasmine.js%3F391e45351df9ee35392d2e5cb623221a969fc009%3A2479%0A%20%20%20%20at%20attemptAsync%20(http%3A%2F%2Flocalhost%3A9876%2Fbase%2Fnode_modules%2Fjasmine-core%2Flib%2Fjasmine-core%2Fjasmine.js%3F391e45351df9ee35392d2e5cb623221a969fc009%3A1916)%0A%20%20%20%20at%20http%3A%2F%2Flocalhost%3A9876%2Fbase%2Fnode_modules%2Fjasmine-core%2Flib%2Fjasmine-core%2Fjasmine.js%3F391e45351df9ee35392d2e5cb623221a969fc009%3A1871%0A%20%20%20%20at%20http%3A%2F%2Flocalhost%3A9876%2Fbase%2Fnode_modules%2Fjasmine-core%2Flib%2Fjasmine-core%2Fjasmine.js%3F391e45351df9ee35392d2e5cb623221a969fc009%3A1859%0A%20%20%20%20at%20http%3A%2F%2Flocalhost%3A9876%2Fbase%2Fnode_modules%2Fjasmine-core%2Flib%2Fjasmine-core%2Fjasmine.js%3F391e45351df9ee35392d2e5cb623221a969fc009%3A697%0A%20%20%20%20at%20http%3A%2F%2Flocalhost%3A9876%2Fbase%2Fnode_modules%2Fjasmine-core%2Flib%2Fjasmine-core%2Fjasmine.js%3F391e45351df9ee35392d2e5cb623221a969fc009%3A2473%0A%20%20%20%20at%20attemptAsync%20(http%3A%2F%2Flocalhost%3A9876%2Fbase%2Fnode_modules%2Fjasmine-core%2Flib%2Fjasmine-core%2Fjasmine.js%3F391e45351df9ee35392d2e5cb623221a969fc009%3A1916)%0A%20%20%20%20at%20http%3A%2F%2Flocalhost%3A9876%2Fbase%2Fnode_modules%2Fjasmine-core%2Flib%2Fjasmine-core%2Fjasmine.js%3F391e45351df9ee35392d2e5cb623221a969fc009%3A1871%0A%20%20%20%20at%20http%3A%2F%2Flocalhost%3A9876%2Fbase%2Fnode_modules%2Fjasmine-core%2Flib%2Fjasmine-core%2Fjasmine.js%3F391e45351df9ee35392d2e5cb623221a969fc009%3A1859%0A%20%20%20%20at%20http%3A%2F%2Flocalhost%3A9876%2Fbase%2Fnode_modules%2Fjasmine-core%2Flib%2Fjasmine-core%2Fjasmine.js%3F391e45351df9ee35392d2e5cb623221a969fc009%3A697%0A%20%20%20%20at%20http%3A%2F%2Flocalhost%3A9876%2Fbase%2Fnode_modules%2Fjasmine-core%2Flib%2Fjasmine-core%2Fjasmine.js%3F391e45351df9ee35392d2e5cb623221a969fc009%3A2332%0A%20%20%20%20at%20http%3A%2F%2Flocalhost%3A9876%2Fbase%2Fnode_modules%2Fjasmine-core%2Flib%2Fjasmine-core%2Fjasmine.js%3F391e45351df9ee35392d2e5cb623221a969fc009%3A761%0A%20%20%20%20at%20http%3A%2F%2Flocalhost%3A9876%2Fbase%2Fnode_modules%2Fkarma-jasmine%2Flib%2Fadapter.js%3F1e4f995124c2f01998fd4f3e16ace577bf155ba9%3A322%0A%20%20%20%20at%20http%3A%2F%2Flocalhost%3A9876%2Fkarma.js%3A182%0A%20%20%20%20at%20http%3A%2F%2Flocalhost%3A9876%2Fcontext.html%3A73
    at forEach (C:/proj/gulp-training-seed/bower_components/angular/angular.js:340)
    at loadModules (C:/proj/gulp-training-seed/bower_components/angular/angular.js:4461)
    at createInjector (C:/proj/gulp-training-seed/bower_components/angular/angular.js:4344)
    at workFn (C:/proj/gulp-training-seed/bower_components/angular-mocks/angular-mocks.js:2428)
    at C:/proj/gulp-training-seed/bower_components/angular/angular.js:4459
</failure>
    </testcase>
    <testcase name="should have fifi tag in a span" time="0.001" classname="Unit tests PhantomJS 1.9.8 (Windows 8 0.0.0).tags directive testing">
      <failure type="">Error: [$injector:modulerr] Failed to instantiate module bookmarks due to:
Error: [$injector:nomod] Module &apos;bookmarks&apos; is not available! You either misspelled the module name or forgot to load it. If registering a module ensure that you specify the dependencies as the second argument.
http://errors.angularjs.org/1.4.8/$injector/nomod?p0=bookmarks
    at C:/proj/gulp-training-seed/bower_components/angular/angular.js:2007
    at ensure (C:/proj/gulp-training-seed/bower_components/angular/angular.js:1929)
    at module (C:/proj/gulp-training-seed/bower_components/angular/angular.js:2257)
    at C:/proj/gulp-training-seed/bower_components/angular/angular.js:4435
    at forEach (C:/proj/gulp-training-seed/bower_components/angular/angular.js:340)
    at loadModules (C:/proj/gulp-training-seed/bower_components/angular/angular.js:4461)
    at createInjector (C:/proj/gulp-training-seed/bower_components/angular/angular.js:4344)
    at workFn (C:/proj/gulp-training-seed/bower_components/angular-mocks/angular-mocks.js:2428)
http://errors.angularjs.org/1.4.8/$injector/modulerr?p0=bookmarks&amp;p1=Error%3A%20%5B%24injector%3Anomod%5D%20Module%20&apos;bookmarks&apos;%20is%20not%20available!%20You%20either%20misspelled%20the%20module%20name%20or%20forgot%20to%20load%20it.%20If%20registering%20a%20module%20ensure%20that%20you%20specify%20the%20dependencies%20as%20the%20second%20argument.%0Ahttp%3A%2F%2Ferrors.angularjs.org%2F1.4.8%2F%24injector%2Fnomod%3Fp0%3Dbookmarks%0A%20%20%20%20at%20http%3A%2F%2Flocalhost%3A9876%2Fbase%2Fbower_components%2Fangular%2Fangular.js%3F7ff07aecce5af4039a1c32649be0ff2afcaebe47%3A2007%0A%20%20%20%20at%20ensure%20(http%3A%2F%2Flocalhost%3A9876%2Fbase%2Fbower_components%2Fangular%2Fangular.js%3F7ff07aecce5af4039a1c32649be0ff2afcaebe47%3A1929)%0A%20%20%20%20at%20module%20(http%3A%2F%2Flocalhost%3A9876%2Fbase%2Fbower_components%2Fangular%2Fangular.js%3F7ff07aecce5af4039a1c32649be0ff2afcaebe47%3A2257)%0A%20%20%20%20at%20http%3A%2F%2Flocalhost%3A9876%2Fbase%2Fbower_components%2Fangular%2Fangular.js%3F7ff07aecce5af4039a1c32649be0ff2afcaebe47%3A4435%0A%20%20%20%20at%20forEach%20(http%3A%2F%2Flocalhost%3A9876%2Fbase%2Fbower_components%2Fangular%2Fangular.js%3F7ff07aecce5af4039a1c32649be0ff2afcaebe47%3A340)%0A%20%20%20%20at%20loadModules%20(http%3A%2F%2Flocalhost%3A9876%2Fbase%2Fbower_components%2Fangular%2Fangular.js%3F7ff07aecce5af4039a1c32649be0ff2afcaebe47%3A4461)%0A%20%20%20%20at%20createInjector%20(http%3A%2F%2Flocalhost%3A9876%2Fbase%2Fbower_components%2Fangular%2Fangular.js%3F7ff07aecce5af4039a1c32649be0ff2afcaebe47%3A4344)%0A%20%20%20%20at%20workFn%20(http%3A%2F%2Flocalhost%3A9876%2Fbase%2Fbower_components%2Fangular-mocks%2Fangular-mocks.js%3F41fb2d656d9a871440ee139e6491d0e2b124ebc8%3A2428)%0A%20%20%20%20at%20attemptSync%20(http%3A%2F%2Flocalhost%3A9876%2Fbase%2Fnode_modules%2Fjasmine-core%2Flib%2Fjasmine-core%2Fjasmine.js%3F391e45351df9ee35392d2e5cb623221a969fc009%3A1886)%0A%20%20%20%20at%20http%3A%2F%2Flocalhost%3A9876%2Fbase%2Fnode_modules%2Fjasmine-core%2Flib%2Fjasmine-core%2Fjasmine.js%3F391e45351df9ee35392d2e5cb623221a969fc009%3A1874%0A%20%20%20%20at%20http%3A%2F%2Flocalhost%3A9876%2Fbase%2Fnode_modules%2Fjasmine-core%2Flib%2Fjasmine-core%2Fjasmine.js%3F391e45351df9ee35392d2e5cb623221a969fc009%3A1859%0A%20%20%20%20at%20http%3A%2F%2Flocalhost%3A9876%2Fbase%2Fnode_modules%2Fjasmine-core%2Flib%2Fjasmine-core%2Fjasmine.js%3F391e45351df9ee35392d2e5cb623221a969fc009%3A697%0A%20%20%20%20at%20http%3A%2F%2Flocalhost%3A9876%2Fbase%2Fnode_modules%2Fjasmine-core%2Flib%2Fjasmine-core%2Fjasmine.js%3F391e45351df9ee35392d2e5cb623221a969fc009%3A363%0A%20%20%20%20at%20http%3A%2F%2Flocalhost%3A9876%2Fbase%2Fnode_modules%2Fjasmine-core%2Flib%2Fjasmine-core%2Fjasmine.js%3F391e45351df9ee35392d2e5cb623221a969fc009%3A2479%0A%20%20%20%20at%20attemptAsync%20(http%3A%2F%2Flocalhost%3A9876%2Fbase%2Fnode_modules%2Fjasmine-core%2Flib%2Fjasmine-core%2Fjasmine.js%3F391e45351df9ee35392d2e5cb623221a969fc009%3A1916)%0A%20%20%20%20at%20http%3A%2F%2Flocalhost%3A9876%2Fbase%2Fnode_modules%2Fjasmine-core%2Flib%2Fjasmine-core%2Fjasmine.js%3F391e45351df9ee35392d2e5cb623221a969fc009%3A1871%0A%20%20%20%20at%20http%3A%2F%2Flocalhost%3A9876%2Fbase%2Fnode_modules%2Fjasmine-core%2Flib%2Fjasmine-core%2Fjasmine.js%3F391e45351df9ee35392d2e5cb623221a969fc009%3A1859%0A%20%20%20%20at%20http%3A%2F%2Flocalhost%3A9876%2Fbase%2Fnode_modules%2Fjasmine-core%2Flib%2Fjasmine-core%2Fjasmine.js%3F391e45351df9ee35392d2e5cb623221a969fc009%3A697%0A%20%20%20%20at%20http%3A%2F%2Flocalhost%3A9876%2Fbase%2Fnode_modules%2Fjasmine-core%2Flib%2Fjasmine-core%2Fjasmine.js%3F391e45351df9ee35392d2e5cb623221a969fc009%3A2473%0A%20%20%20%20at%20attemptAsync%20(http%3A%2F%2Flocalhost%3A9876%2Fbase%2Fnode_modules%2Fjasmine-core%2Flib%2Fjasmine-core%2Fjasmine.js%3F391e45351df9ee35392d2e5cb623221a969fc009%3A1916)%0A%20%20%20%20at%20http%3A%2F%2Flocalhost%3A9876%2Fbase%2Fnode_modules%2Fjasmine-core%2Flib%2Fjasmine-core%2Fjasmine.js%3F391e45351df9ee35392d2e5cb623221a969fc009%3A1871%0A%20%20%20%20at%20http%3A%2F%2Flocalhost%3A9876%2Fbase%2Fnode_modules%2Fjasmine-core%2Flib%2Fjasmine-core%2Fjasmine.js%3F391e45351df9ee35392d2e5cb623221a969fc009%3A1898%0A%20%20%20%20at%20http%3A%2F%2Flocalhost%3A9876%2Fbase%2Fnode_modules%2Fjasmine-core%2Flib%2Fjasmine-core%2Fjasmine.js%3F391e45351df9ee35392d2e5cb623221a969fc009%3A1842%0A%20%20%20%20at%20http%3A%2F%2Flocalhost%3A9876%2Fbase%2Fnode_modules%2Fjasmine-core%2Flib%2Fjasmine-core%2Fjasmine.js%3F391e45351df9ee35392d2e5cb623221a969fc009%3A2467%0A%20%20%20%20at%20clearStack%20(http%3A%2F%2Flocalhost%3A9876%2Fbase%2Fnode_modules%2Fjasmine-core%2Flib%2Fjasmine-core%2Fjasmine.js%3F391e45351df9ee35392d2e5cb623221a969fc009%3A660)%0A%20%20%20%20at%20http%3A%2F%2Flocalhost%3A9876%2Fbase%2Fnode_modules%2Fjasmine-core%2Flib%2Fjasmine-core%2Fjasmine.js%3F391e45351df9ee35392d2e5cb623221a969fc009%3A1881%0A%20%20%20%20at%20http%3A%2F%2Flocalhost%3A9876%2Fbase%2Fnode_modules%2Fjasmine-core%2Flib%2Fjasmine-core%2Fjasmine.js%3F391e45351df9ee35392d2e5cb623221a969fc009%3A1898%0A%20%20%20%20at%20http%3A%2F%2Flocalhost%3A9876%2Fbase%2Fnode_modules%2Fjasmine-core%2Flib%2Fjasmine-core%2Fjasmine.js%3F391e45351df9ee35392d2e5cb623221a969fc009%3A1842%0A%20%20%20%20at%20complete%20(http%3A%2F%2Flocalhost%3A9876%2Fbase%2Fnode_modules%2Fjasmine-core%2Flib%2Fjasmine-core%2Fjasmine.js%3F391e45351df9ee35392d2e5cb623221a969fc009%3A371)%0A%20%20%20%20at%20clearStack%20(http%3A%2F%2Flocalhost%3A9876%2Fbase%2Fnode_modules%2Fjasmine-core%2Flib%2Fjasmine-core%2Fjasmine.js%3F391e45351df9ee35392d2e5cb623221a969fc009%3A660)%0A%20%20%20%20at%20http%3A%2F%2Flocalhost%3A9876%2Fbase%2Fnode_modules%2Fjasmine-core%2Flib%2Fjasmine-core%2Fjasmine.js%3F391e45351df9ee35392d2e5cb623221a969fc009%3A1881%0A%20%20%20%20at%20http%3A%2F%2Flocalhost%3A9876%2Fbase%2Fnode_modules%2Fjasmine-core%2Flib%2Fjasmine-core%2Fjasmine.js%3F391e45351df9ee35392d2e5cb623221a969fc009%3A1859%0A%20%20%20%20at%20http%3A%2F%2Flocalhost%3A9876%2Fbase%2Fnode_modules%2Fjasmine-core%2Flib%2Fjasmine-core%2Fjasmine.js%3F391e45351df9ee35392d2e5cb623221a969fc009%3A697%0A%20%20%20%20at%20http%3A%2F%2Flocalhost%3A9876%2Fbase%2Fnode_modules%2Fjasmine-core%2Flib%2Fjasmine-core%2Fjasmine.js%3F391e45351df9ee35392d2e5cb623221a969fc009%3A363%0A%20%20%20%20at%20http%3A%2F%2Flocalhost%3A9876%2Fbase%2Fnode_modules%2Fjasmine-core%2Flib%2Fjasmine-core%2Fjasmine.js%3F391e45351df9ee35392d2e5cb623221a969fc009%3A2479%0A%20%20%20%20at%20attemptAsync%20(http%3A%2F%2Flocalhost%3A9876%2Fbase%2Fnode_modules%2Fjasmine-core%2Flib%2Fjasmine-core%2Fjasmine.js%3F391e45351df9ee35392d2e5cb623221a969fc009%3A1916)%0A%20%20%20%20at%20http%3A%2F%2Flocalhost%3A9876%2Fbase%2Fnode_modules%2Fjasmine-core%2Flib%2Fjasmine-core%2Fjasmine.js%3F391e45351df9ee35392d2e5cb623221a969fc009%3A1871%0A%20%20%20%20at%20http%3A%2F%2Flocalhost%3A9876%2Fbase%2Fnode_modules%2Fjasmine-core%2Flib%2Fjasmine-core%2Fjasmine.js%3F391e45351df9ee35392d2e5cb623221a969fc009%3A1898%0A%20%20%20%20at%20http%3A%2F%2Flocalhost%3A9876%2Fbase%2Fnode_modules%2Fjasmine-core%2Flib%2Fjasmine-core%2Fjasmine.js%3F391e45351df9ee35392d2e5cb623221a969fc009%3A1842%0A%20%20%20%20at%20complete%20(http%3A%2F%2Flocalhost%3A9876%2Fbase%2Fnode_modules%2Fjasmine-core%2Flib%2Fjasmine-core%2Fjasmine.js%3F391e45351df9ee35392d2e5cb623221a969fc009%3A371)%0A%20%20%20%20at%20clearStack%20(http%3A%2F%2Flocalhost%3A9876%2Fbase%2Fnode_modules%2Fjasmine-core%2Flib%2Fjasmine-core%2Fjasmine.js%3F391e45351df9ee35392d2e5cb623221a969fc009%3A660)%0A%20%20%20%20at%20http%3A%2F%2Flocalhost%3A9876%2Fbase%2Fnode_modules%2Fjasmine-core%2Flib%2Fjasmine-core%2Fjasmine.js%3F391e45351df9ee35392d2e5cb623221a969fc009%3A1881%0A%20%20%20%20at%20http%3A%2F%2Flocalhost%3A9876%2Fbase%2Fnode_modules%2Fjasmine-core%2Flib%2Fjasmine-core%2Fjasmine.js%3F391e45351df9ee35392d2e5cb623221a969fc009%3A1859%0A%20%20%20%20at%20http%3A%2F%2Flocalhost%3A9876%2Fbase%2Fnode_modules%2Fjasmine-core%2Flib%2Fjasmine-core%2Fjasmine.js%3F391e45351df9ee35392d2e5cb623221a969fc009%3A697%0A%20%20%20%20at%20http%3A%2F%2Flocalhost%3A9876%2Fbase%2Fnode_modules%2Fjasmine-core%2Flib%2Fjasmine-core%2Fjasmine.js%3F391e45351df9ee35392d2e5cb623221a969fc009%3A363%0A%20%20%20%20at%20http%3A%2F%2Flocalhost%3A9876%2Fbase%2Fnode_modules%2Fjasmine-core%2Flib%2Fjasmine-core%2Fjasmine.js%3F391e45351df9ee35392d2e5cb623221a969fc009%3A2479%0A%20%20%20%20at%20attemptAsync%20(http%3A%2F%2Flocalhost%3A9876%2Fbase%2Fnode_modules%2Fjasmine-core%2Flib%2Fjasmine-core%2Fjasmine.js%3F391e45351df9ee35392d2e5cb623221a969fc009%3A1916)%0A%20%20%20%20at%20http%3A%2F%2Flocalhost%3A9876%2Fbase%2Fnode_modules%2Fjasmine-core%2Flib%2Fjasmine-core%2Fjasmine.js%3F391e45351df9ee35392d2e5cb623221a969fc009%3A1871%0A%20%20%20%20at%20http%3A%2F%2Flocalhost%3A9876%2Fbase%2Fnode_modules%2Fjasmine-core%2Flib%2Fjasmine-core%2Fjasmine.js%3F391e45351df9ee35392d2e5cb623221a969fc009%3A1859%0A%20%20%20%20at%20http%3A%2F%2Flocalhost%3A9876%2Fbase%2Fnode_modules%2Fjasmine-core%2Flib%2Fjasmine-core%2Fjasmine.js%3F391e45351df9ee35392d2e5cb623221a969fc009%3A697%0A%20%20%20%20at%20http%3A%2F%2Flocalhost%3A9876%2Fbase%2Fnode_modules%2Fjasmine-core%2Flib%2Fjasmine-core%2Fjasmine.js%3F391e45351df9ee35392d2e5cb623221a969fc009%3A2473%0A%20%20%20%20at%20attemptAsync%20(http%3A%2F%2Flocalhost%3A9876%2Fbase%2Fnode_modules%2Fjasmine-core%2Flib%2Fjasmine-core%2Fjasmine.js%3F391e45351df9ee35392d2e5cb623221a969fc009%3A1916)%0A%20%20%20%20at%20http%3A%2F%2Flocalhost%3A9876%2Fbase%2Fnode_modules%2Fjasmine-core%2Flib%2Fjasmine-core%2Fjasmine.js%3F391e45351df9ee35392d2e5cb623221a969fc009%3A1871%0A%20%20%20%20at%20http%3A%2F%2Flocalhost%3A9876%2Fbase%2Fnode_modules%2Fjasmine-core%2Flib%2Fjasmine-core%2Fjasmine.js%3F391e45351df9ee35392d2e5cb623221a969fc009%3A1898%0A%20%20%20%20at%20http%3A%2F%2Flocalhost%3A9876%2Fbase%2Fnode_modules%2Fjasmine-core%2Flib%2Fjasmine-core%2Fjasmine.js%3F391e45351df9ee35392d2e5cb623221a969fc009%3A1842%0A%20%20%20%20at%20http%3A%2F%2Flocalhost%3A9876%2Fbase%2Fnode_modules%2Fjasmine-core%2Flib%2Fjasmine-core%2Fjasmine.js%3F391e45351df9ee35392d2e5cb623221a969fc009%3A2467%0A%20%20%20%20at%20clearStack%20(http%3A%2F%2Flocalhost%3A9876%2Fbase%2Fnode_modules%2Fjasmine-core%2Flib%2Fjasmine-core%2Fjasmine.js%3F391e45351df9ee35392d2e5cb623221a969fc009%3A660)%0A%20%20%20%20at%20http%3A%2F%2Flocalhost%3A9876%2Fbase%2Fnode_modules%2Fjasmine-core%2Flib%2Fjasmine-core%2Fjasmine.js%3F391e45351df9ee35392d2e5cb623221a969fc009%3A1881%0A%20%20%20%20at%20http%3A%2F%2Flocalhost%3A9876%2Fbase%2Fnode_modules%2Fjasmine-core%2Flib%2Fjasmine-core%2Fjasmine.js%3F391e45351df9ee35392d2e5cb623221a969fc009%3A1898%0A%20%20%20%20at%20http%3A%2F%2Flocalhost%3A9876%2Fbase%2Fnode_modules%2Fjasmine-core%2Flib%2Fjasmine-core%2Fjasmine.js%3F391e45351df9ee35392d2e5cb623221a969fc009%3A1842%0A%20%20%20%20at%20complete%20(http%3A%2F%2Flocalhost%3A9876%2Fbase%2Fnode_modules%2Fjasmine-core%2Flib%2Fjasmine-core%2Fjasmine.js%3F391e45351df9ee35392d2e5cb623221a969fc009%3A371)%0A%20%20%20%20at%20clearStack%20(http%3A%2F%2Flocalhost%3A9876%2Fbase%2Fnode_modules%2Fjasmine-core%2Flib%2Fjasmine-core%2Fjasmine.js%3F391e45351df9ee35392d2e5cb623221a969fc009%3A660)%0A%20%20%20%20at%20http%3A%2F%2Flocalhost%3A9876%2Fbase%2Fnode_modules%2Fjasmine-core%2Flib%2Fjasmine-core%2Fjasmine.js%3F391e45351df9ee35392d2e5cb623221a969fc009%3A1881%0A%20%20%20%20at%20http%3A%2F%2Flocalhost%3A9876%2Fbase%2Fnode_modules%2Fjasmine-core%2Flib%2Fjasmine-core%2Fjasmine.js%3F391e45351df9ee35392d2e5cb623221a969fc009%3A1859%0A%20%20%20%20at%20http%3A%2F%2Flocalhost%3A9876%2Fbase%2Fnode_modules%2Fjasmine-core%2Flib%2Fjasmine-core%2Fjasmine.js%3F391e45351df9ee35392d2e5cb623221a969fc009%3A697%0A%20%20%20%20at%20http%3A%2F%2Flocalhost%3A9876%2Fbase%2Fnode_modules%2Fjasmine-core%2Flib%2Fjasmine-core%2Fjasmine.js%3F391e45351df9ee35392d2e5cb623221a969fc009%3A363%0A%20%20%20%20at%20http%3A%2F%2Flocalhost%3A9876%2Fbase%2Fnode_modules%2Fjasmine-core%2Flib%2Fjasmine-core%2Fjasmine.js%3F391e45351df9ee35392d2e5cb623221a969fc009%3A2479%0A%20%20%20%20at%20attemptAsync%20(http%3A%2F%2Flocalhost%3A9876%2Fbase%2Fnode_modules%2Fjasmine-core%2Flib%2Fjasmine-core%2Fjasmine.js%3F391e45351df9ee35392d2e5cb623221a969fc009%3A1916)%0A%20%20%20%20at%20http%3A%2F%2Flocalhost%3A9876%2Fbase%2Fnode_modules%2Fjasmine-core%2Flib%2Fjasmine-core%2Fjasmine.js%3F391e45351df9ee35392d2e5cb623221a969fc009%3A1871%0A%20%20%20%20at%20http%3A%2F%2Flocalhost%3A9876%2Fbase%2Fnode_modules%2Fjasmine-core%2Flib%2Fjasmine-core%2Fjasmine.js%3F391e45351df9ee35392d2e5cb623221a969fc009%3A1859%0A%20%20%20%20at%20http%3A%2F%2Flocalhost%3A9876%2Fbase%2Fnode_modules%2Fjasmine-core%2Flib%2Fjasmine-core%2Fjasmine.js%3F391e45351df9ee35392d2e5cb623221a969fc009%3A697%0A%20%20%20%20at%20http%3A%2F%2Flocalhost%3A9876%2Fbase%2Fnode_modules%2Fjasmine-core%2Flib%2Fjasmine-core%2Fjasmine.js%3F391e45351df9ee35392d2e5cb623221a969fc009%3A2473%0A%20%20%20%20at%20attemptAsync%20(http%3A%2F%2Flocalhost%3A9876%2Fbase%2Fnode_modules%2Fjasmine-core%2Flib%2Fjasmine-core%2Fjasmine.js%3F391e45351df9ee35392d2e5cb623221a969fc009%3A1916)%0A%20%20%20%20at%20http%3A%2F%2Flocalhost%3A9876%2Fbase%2Fnode_modules%2Fjasmine-core%2Flib%2Fjasmine-core%2Fjasmine.js%3F391e45351df9ee35392d2e5cb623221a969fc009%3A1871%0A%20%20%20%20at%20http%3A%2F%2Flocalhost%3A9876%2Fbase%2Fnode_modules%2Fjasmine-core%2Flib%2Fjasmine-core%2Fjasmine.js%3F391e45351df9ee35392d2e5cb623221a969fc009%3A1859%0A%20%20%20%20at%20http%3A%2F%2Flocalhost%3A9876%2Fbase%2Fnode_modules%2Fjasmine-core%2Flib%2Fjasmine-core%2Fjasmine.js%3F391e45351df9ee35392d2e5cb623221a969fc009%3A697%0A%20%20%20%20at%20http%3A%2F%2Flocalhost%3A9876%2Fbase%2Fnode_modules%2Fjasmine-core%2Flib%2Fjasmine-core%2Fjasmine.js%3F391e45351df9ee35392d2e5cb623221a969fc009%3A2332%0A%20%20%20%20at%20http%3A%2F%2Flocalhost%3A9876%2Fbase%2Fnode_modules%2Fjasmine-core%2Flib%2Fjasmine-core%2Fjasmine.js%3F391e45351df9ee35392d2e5cb623221a969fc009%3A761%0A%20%20%20%20at%20http%3A%2F%2Flocalhost%3A9876%2Fbase%2Fnode_modules%2Fkarma-jasmine%2Flib%2Fadapter.js%3F1e4f995124c2f01998fd4f3e16ace577bf155ba9%3A322%0A%20%20%20%20at%20http%3A%2F%2Flocalhost%3A9876%2Fkarma.js%3A182%0A%20%20%20%20at%20http%3A%2F%2Flocalhost%3A9876%2Fcontext.html%3A73
    at forEach (C:/proj/gulp-training-seed/bower_components/angular/angular.js:340)
    at loadModules (C:/proj/gulp-training-seed/bower_components/angular/angular.js:4461)
    at createInjector (C:/proj/gulp-training-seed/bower_components/angular/angular.js:4344)
    at workFn (C:/proj/gulp-training-seed/bower_components/angular-mocks/angular-mocks.js:2428)
    at C:/proj/gulp-training-seed/bower_components/angular/angular.js:4459
</failure>
      <failure type="">TypeError: &apos;undefined&apos; is not a function (evaluating &apos;$compile(&apos;&lt;tags tags=&quot;[\&apos;bla\&apos;, \&apos;blo\&apos;, \&apos;fifi\&apos;]&quot;&gt;&lt;/tags&gt;&apos;)&apos;)
    at C:/proj/gulp-training-seed/app/components/tags-cmp/tags.spec.js:16
</failure>
    </testcase>
    <system-out><![CDATA[
]]></system-out>
    <system-err/>
  </testsuite>
</testsuites>
